<?xml version="1.0" encoding="UTF-8"?>
<!-- Generated by org.testng.reporters.JUnitReportReporter -->
<testsuite hostname="Cherry-Prem" failures="0" tests="1" name="testCases.RegistrationPageTest" time="1.828" errors="0" timestamp="2025-05-28T22:20:54 IST" skipped="0">
  <testcase classname="testCases.RegistrationPageTest" name="Registration_Test" time="1.828"/>
</testsuite> <!-- testCases.RegistrationPageTest -->
