<?xml version="1.0" encoding="UTF-8"?>
<!-- Generated by org.testng.reporters.JUnitReportReporter -->
<testsuite hostname="Cherry-Prem" failures="0" tests="1" name="testCases.RegistrationPageTest" time="2.083" errors="0" timestamp="2025-05-29T01:35:16 IST" skipped="0">
  <testcase classname="testCases.RegistrationPageTest" name="Registration_Test" time="2.083"/>
</testsuite> <!-- testCases.RegistrationPageTest -->
