<?xml version="1.0" encoding="UTF-8"?>
<!-- Generated by org.testng.reporters.JUnitReportReporter -->
<testsuite hostname="Cherry-Prem" failures="0" tests="1" name="testCases.LoginTest" time="3.989" errors="0" timestamp="2025-05-29T01:50:12 IST" skipped="0">
  <testcase classname="testCases.LoginTest" name="loginTest" time="3.989"/>
</testsuite> <!-- testCases.LoginTest -->
