<?xml version="1.0" encoding="UTF-8"?>
<!-- Generated by org.testng.reporters.JUnitReportReporter -->
<testsuite hostname="Cherry-Prem" failures="0" tests="1" name="testCases.LogOut_AccountTest" time="10.051" errors="0" timestamp="2025-05-28T17:07:11 IST" skipped="0">
  <testcase classname="testCases.LogOut_AccountTest" name="logOut" time="10.051"/>
</testsuite> <!-- testCases.LogOut_AccountTest -->
