<?xml version="1.0" encoding="UTF-8"?>
<!-- Generated by org.testng.reporters.JUnitReportReporter -->
<testsuite hostname="Cherry-Prem" failures="0" tests="1" name="testCases.RegistrationTest" time="1.414" errors="0" timestamp="2025-05-28T00:41:28 IST" skipped="0">
  <testcase classname="testCases.RegistrationTest" name="Registration_Test" time="1.414"/>
</testsuite> <!-- testCases.RegistrationTest -->
