<?xml version="1.0" encoding="UTF-8"?>
<!-- Generated by org.testng.reporters.JUnitReportReporter -->
<testsuite hostname="Cherry-Prem" failures="0" tests="1" name="testCases.RegistrationPageTest" time="1.733" errors="0" timestamp="2025-05-30T01:21:42 IST" skipped="0">
  <testcase classname="testCases.RegistrationPageTest" name="Registration_Test" time="1.733"/>
</testsuite> <!-- testCases.RegistrationPageTest -->
