<?xml version="1.0" encoding="UTF-8"?>
<!-- Generated by org.testng.reporters.JUnitReportReporter -->
<testsuite hostname="Cherry-Prem" failures="0" tests="1" name="testCases.LoginTest" time="4.371" errors="0" timestamp="2025-05-30T01:21:42 IST" skipped="0">
  <testcase classname="testCases.LoginTest" name="loginTest" time="4.371"/>
</testsuite> <!-- testCases.LoginTest -->
