<?xml version="1.0" encoding="UTF-8"?>
<!-- Generated by org.testng.reporters.JUnitReportReporter -->
<testsuite hostname="Cherry-Prem" failures="0" tests="1" name="testCases.RegistrationPageTest" time="1.506" errors="0" timestamp="2025-05-29T23:14:18 IST" skipped="0">
  <testcase classname="testCases.RegistrationPageTest" name="Registration_Test" time="1.506"/>
</testsuite> <!-- testCases.RegistrationPageTest -->
